c:\users\ben\source\repos\dragonfly\dragonfly\x64\release\vc143.pdb
c:\users\ben\source\repos\dragonfly\dragonfly\x64\release\inputmanager.obj
c:\users\ben\source\repos\dragonfly\dragonfly\x64\release\gamestart.obj
c:\users\ben\source\repos\dragonfly\dragonfly\x64\release\gamemanager.obj
c:\users\ben\source\repos\dragonfly\dragonfly\x64\release\game.obj
c:\users\ben\source\repos\dragonfly\dragonfly\x64\release\frame.obj
c:\users\ben\source\repos\dragonfly\dragonfly\x64\release\eventview.obj
c:\users\ben\source\repos\dragonfly\dragonfly\x64\release\eventstep.obj
c:\users\ben\source\repos\dragonfly\dragonfly\x64\release\eventout.obj
c:\users\ben\source\repos\dragonfly\dragonfly\x64\release\eventmouse.obj
c:\users\ben\source\repos\dragonfly\dragonfly\x64\release\eventkeyboard.obj
c:\users\ben\source\repos\dragonfly\dragonfly\x64\release\eventcollision.obj
c:\users\ben\source\repos\dragonfly\dragonfly\x64\release\event.obj
c:\users\ben\source\repos\dragonfly\dragonfly\x64\release\displaymanager.obj
c:\users\ben\source\repos\dragonfly\dragonfly\x64\release\daynumdisplay.obj
c:\users\ben\source\repos\dragonfly\dragonfly\x64\release\day.obj
c:\users\ben\source\repos\dragonfly\dragonfly\x64\release\clock.obj
c:\users\ben\source\repos\dragonfly\dragonfly\x64\release\choicemanager.obj
c:\users\ben\source\repos\dragonfly\dragonfly\x64\release\choice.obj
c:\users\ben\source\repos\dragonfly\dragonfly\x64\release\box.obj
c:\users\ben\source\repos\dragonfly\dragonfly\x64\release\animation.obj
c:\users\ben\source\repos\dragonfly\dragonfly\x64\release\testpoints.obj
c:\users\ben\source\repos\dragonfly\dragonfly\x64\release\testobject.obj
c:\users\ben\source\repos\dragonfly\dragonfly\x64\release\testhero.obj
c:\users\ben\source\repos\dragonfly\dragonfly\x64\release\testgameover.obj
c:\users\ben\source\repos\dragonfly\dragonfly\x64\release\testexplosion.obj
c:\users\ben\source\repos\dragonfly\dragonfly\x64\release\testeventnuke.obj
c:\users\ben\source\repos\dragonfly\dragonfly\x64\release\testbullet.obj
c:\users\ben\source\repos\dragonfly\dragonfly\x64\release\sprite.obj
c:\users\ben\source\repos\dragonfly\dragonfly\x64\release\sound.obj
c:\users\ben\source\repos\dragonfly\dragonfly\x64\release\resourcemanager.obj
c:\users\ben\source\repos\dragonfly\dragonfly\x64\release\prompt.obj
c:\users\ben\source\repos\dragonfly\dragonfly\x64\release\pointssystem.obj
c:\users\ben\source\repos\dragonfly\dragonfly\x64\release\pointsmanager.obj
c:\users\ben\source\repos\dragonfly\dragonfly\x64\release\objectlistiterator.obj
c:\users\ben\source\repos\dragonfly\dragonfly\x64\release\objectlist.obj
c:\users\ben\source\repos\dragonfly\dragonfly\x64\release\object.obj
c:\users\ben\source\repos\dragonfly\dragonfly\x64\release\music.obj
c:\users\ben\source\repos\dragonfly\dragonfly\x64\release\manager.obj
c:\users\ben\source\repos\dragonfly\dragonfly\x64\release\logmanager.obj
c:\users\ben\source\repos\dragonfly\dragonfly\x64\release\legacyresults.obj
c:\users\ben\source\repos\dragonfly\dragonfly\x64\release\worldmanager.obj
c:\users\ben\source\repos\dragonfly\dragonfly\x64\release\viewobject.obj
c:\users\ben\source\repos\dragonfly\dragonfly\x64\release\vector2d.obj
c:\users\ben\source\repos\dragonfly\dragonfly\x64\release\utility.obj
c:\users\ben\source\repos\dragonfly\dragonfly\x64\release\titlemanager.obj
c:\users\ben\source\repos\dragonfly\dragonfly\x64\release\timekeeper.obj
c:\users\ben\source\repos\dragonfly\dragonfly\x64\release\teststart.obj
c:\users\ben\source\repos\dragonfly\dragonfly\x64\release\teststar.obj
c:\users\ben\source\repos\dragonfly\dragonfly\x64\release\testsaucer.obj
c:\users\ben\source\repos\dragonfly\dragonfly\x64\release\testreticle.obj
c:\users\ben\source\repos\dragonfly\x64\release\dragonfly.exe
c:\users\ben\source\repos\dragonfly\dragonfly\x64\release\dragonfly.ipdb
c:\users\ben\source\repos\dragonfly\x64\release\dragonfly.pdb
c:\users\ben\source\repos\dragonfly\dragonfly\x64\release\dragonfly.iobj
c:\users\ben\source\repos\dragonfly\dragonfly\x64\release\dragonfly.tlog\cl.command.1.tlog
c:\users\ben\source\repos\dragonfly\dragonfly\x64\release\dragonfly.tlog\cl.items.tlog
c:\users\ben\source\repos\dragonfly\dragonfly\x64\release\dragonfly.tlog\cl.read.1.tlog
c:\users\ben\source\repos\dragonfly\dragonfly\x64\release\dragonfly.tlog\cl.write.1.tlog
c:\users\ben\source\repos\dragonfly\dragonfly\x64\release\dragonfly.tlog\link.command.1.tlog
c:\users\ben\source\repos\dragonfly\dragonfly\x64\release\dragonfly.tlog\link.read.1.tlog
c:\users\ben\source\repos\dragonfly\dragonfly\x64\release\dragonfly.tlog\link.write.1.tlog
