c:\users\ben\source\repos\dragonfly\dragonfly\x64\debug\vc143.pdb
c:\users\ben\source\repos\dragonfly\dragonfly\x64\debug\vc143.idb
c:\users\ben\source\repos\dragonfly\dragonfly\x64\debug\inputmanager.obj
c:\users\ben\source\repos\dragonfly\dragonfly\x64\debug\gamestart.obj
c:\users\ben\source\repos\dragonfly\dragonfly\x64\debug\gamemanager.obj
c:\users\ben\source\repos\dragonfly\dragonfly\x64\debug\game.obj
c:\users\ben\source\repos\dragonfly\dragonfly\x64\debug\frame.obj
c:\users\ben\source\repos\dragonfly\dragonfly\x64\debug\eventview.obj
c:\users\ben\source\repos\dragonfly\dragonfly\x64\debug\eventstep.obj
c:\users\ben\source\repos\dragonfly\dragonfly\x64\debug\eventout.obj
c:\users\ben\source\repos\dragonfly\dragonfly\x64\debug\eventmouse.obj
c:\users\ben\source\repos\dragonfly\dragonfly\x64\debug\eventkeyboard.obj
c:\users\ben\source\repos\dragonfly\dragonfly\x64\debug\eventcollision.obj
c:\users\ben\source\repos\dragonfly\dragonfly\x64\debug\event.obj
c:\users\ben\source\repos\dragonfly\dragonfly\x64\debug\displaymanager.obj
c:\users\ben\source\repos\dragonfly\dragonfly\x64\debug\daynumdisplay.obj
c:\users\ben\source\repos\dragonfly\dragonfly\x64\debug\day.obj
c:\users\ben\source\repos\dragonfly\dragonfly\x64\debug\clock.obj
c:\users\ben\source\repos\dragonfly\dragonfly\x64\debug\choicemanager.obj
c:\users\ben\source\repos\dragonfly\dragonfly\x64\debug\choice.obj
c:\users\ben\source\repos\dragonfly\dragonfly\x64\debug\box.obj
c:\users\ben\source\repos\dragonfly\dragonfly\x64\debug\animation.obj
c:\users\ben\source\repos\dragonfly\dragonfly\x64\debug\testpoints.obj
c:\users\ben\source\repos\dragonfly\dragonfly\x64\debug\testobject.obj
c:\users\ben\source\repos\dragonfly\dragonfly\x64\debug\testhero.obj
c:\users\ben\source\repos\dragonfly\dragonfly\x64\debug\testgameover.obj
c:\users\ben\source\repos\dragonfly\dragonfly\x64\debug\testexplosion.obj
c:\users\ben\source\repos\dragonfly\dragonfly\x64\debug\testeventnuke.obj
c:\users\ben\source\repos\dragonfly\dragonfly\x64\debug\testbullet.obj
c:\users\ben\source\repos\dragonfly\dragonfly\x64\debug\sprite.obj
c:\users\ben\source\repos\dragonfly\dragonfly\x64\debug\sound.obj
c:\users\ben\source\repos\dragonfly\dragonfly\x64\debug\resourcemanager.obj
c:\users\ben\source\repos\dragonfly\dragonfly\x64\debug\prompt.obj
c:\users\ben\source\repos\dragonfly\dragonfly\x64\debug\pointssystem.obj
c:\users\ben\source\repos\dragonfly\dragonfly\x64\debug\pointsmanager.obj
c:\users\ben\source\repos\dragonfly\dragonfly\x64\debug\objectlistiterator.obj
c:\users\ben\source\repos\dragonfly\dragonfly\x64\debug\objectlist.obj
c:\users\ben\source\repos\dragonfly\dragonfly\x64\debug\object.obj
c:\users\ben\source\repos\dragonfly\dragonfly\x64\debug\music.obj
c:\users\ben\source\repos\dragonfly\dragonfly\x64\debug\manager.obj
c:\users\ben\source\repos\dragonfly\dragonfly\x64\debug\logmanager.obj
c:\users\ben\source\repos\dragonfly\dragonfly\x64\debug\legacyresults.obj
c:\users\ben\source\repos\dragonfly\dragonfly\x64\debug\worldmanager.obj
c:\users\ben\source\repos\dragonfly\dragonfly\x64\debug\viewobject.obj
c:\users\ben\source\repos\dragonfly\dragonfly\x64\debug\vector2d.obj
c:\users\ben\source\repos\dragonfly\dragonfly\x64\debug\utility.obj
c:\users\ben\source\repos\dragonfly\dragonfly\x64\debug\timekeeper.obj
c:\users\ben\source\repos\dragonfly\dragonfly\x64\debug\tilemanager.obj
c:\users\ben\source\repos\dragonfly\dragonfly\x64\debug\teststart.obj
c:\users\ben\source\repos\dragonfly\dragonfly\x64\debug\teststar.obj
c:\users\ben\source\repos\dragonfly\dragonfly\x64\debug\testsaucer.obj
c:\users\ben\source\repos\dragonfly\dragonfly\x64\debug\testreticle.obj
c:\users\ben\source\repos\dragonfly\dragonfly\x64\debug\dragonfly.ilk
c:\users\ben\source\repos\dragonfly\x64\debug\dragonfly.exe
c:\users\ben\source\repos\dragonfly\x64\debug\dragonfly.pdb
c:\users\ben\source\repos\dragonfly\dragonfly\x64\debug\dragonfly.tlog\cl.command.1.tlog
c:\users\ben\source\repos\dragonfly\dragonfly\x64\debug\dragonfly.tlog\cl.items.tlog
c:\users\ben\source\repos\dragonfly\dragonfly\x64\debug\dragonfly.tlog\cl.read.1.tlog
c:\users\ben\source\repos\dragonfly\dragonfly\x64\debug\dragonfly.tlog\cl.write.1.tlog
c:\users\ben\source\repos\dragonfly\dragonfly\x64\debug\dragonfly.tlog\link.command.1.tlog
c:\users\ben\source\repos\dragonfly\dragonfly\x64\debug\dragonfly.tlog\link.read.1.tlog
c:\users\ben\source\repos\dragonfly\dragonfly\x64\debug\dragonfly.tlog\link.write.1.tlog
