  Animation.cpp
C:\Users\Ben\source\repos\Dragonfly\Dragonfly\Animation.cpp(48,49): warning C4305: 'argument': truncation from 'double' to 'float'
C:\Users\Ben\source\repos\Dragonfly\Dragonfly\Animation.cpp(48,43): warning C4305: 'argument': truncation from 'double' to 'float'
C:\Users\Ben\source\repos\Dragonfly\Dragonfly\Animation.cpp(53,78): warning C4244: 'argument': conversion from 'double' to 'float', possible loss of data
C:\Users\Ben\source\repos\Dragonfly\Dragonfly\Animation.cpp(53,44): warning C4244: 'argument': conversion from 'double' to 'float', possible loss of data
C:\Users\Ben\source\repos\Dragonfly\Dragonfly\Animation.cpp(54,66): warning C4244: 'argument': conversion from 'int' to 'float', possible loss of data
C:\Users\Ben\source\repos\Dragonfly\Dragonfly\Animation.cpp(54,43): warning C4244: 'argument': conversion from 'int' to 'float', possible loss of data
  Box.cpp
  Choice.cpp
  ChoiceManager.cpp
C:\Users\Ben\source\repos\Dragonfly\Dragonfly\ChoiceManager.cpp(17,20): warning C4244: 'argument': conversion from 'time_t' to 'unsigned int', possible loss of data
  Clock.cpp
  Day.cpp
  DayNumDisplay.cpp
  DisplayManager.cpp
C:\Users\Ben\source\repos\Dragonfly\Dragonfly\DisplayManager.cpp(97,37): warning C4244: 'argument': conversion from 'float' to 'unsigned int', possible loss of data
C:\Users\Ben\source\repos\Dragonfly\Dragonfly\DisplayManager.cpp(99,38): warning C4244: 'argument': conversion from 'float' to 'unsigned int', possible loss of data
C:\Users\Ben\source\repos\Dragonfly\Dragonfly\DisplayManager.cpp(197,11): warning C4305: 'return': truncation from 'int' to 'bool'
C:\Users\Ben\source\repos\Dragonfly\Dragonfly\DisplayManager.cpp(230,13): warning C4244: 'initializing': conversion from 'float' to 'int', possible loss of data
C:\Users\Ben\source\repos\Dragonfly\Dragonfly\DisplayManager.cpp(231,13): warning C4244: 'initializing': conversion from 'float' to 'int', possible loss of data
C:\Users\Ben\source\repos\Dragonfly\Dragonfly\DisplayManager.cpp(239,14): warning C4244: 'initializing': conversion from 'float' to 'int', possible loss of data
C:\Users\Ben\source\repos\Dragonfly\Dragonfly\DisplayManager.cpp(240,14): warning C4244: 'initializing': conversion from 'float' to 'int', possible loss of data
  Event.cpp
  EventCollision.cpp
  EventKeyboard.cpp
  EventMouse.cpp
  EventOut.cpp
  EventStep.cpp
  EventView.cpp
  Frame.cpp
  Game.cpp
  GameManager.cpp
C:\Users\Ben\source\repos\Dragonfly\Dragonfly\GameManager.cpp(32,58): warning C4244: 'argument': conversion from 'int' to 'float', possible loss of data
C:\Users\Ben\source\repos\Dragonfly\Dragonfly\GameManager.cpp(33,54): warning C4244: 'argument': conversion from 'int' to 'float', possible loss of data
  GameStart.cpp
  InputManager.cpp
C:\Users\Ben\source\repos\Dragonfly\Dragonfly\InputManager.cpp(480,59): warning C4244: 'argument': conversion from 'int' to 'float', possible loss of data
C:\Users\Ben\source\repos\Dragonfly\Dragonfly\InputManager.cpp(480,40): warning C4244: 'argument': conversion from 'int' to 'float', possible loss of data
  Generating Code...
C:\Users\Ben\source\repos\Dragonfly\Dragonfly\Day.cpp(125): warning C4715: 'Day::eventHandler': not all control paths return a value
  Compiling...
  LegacyResults.cpp
  LogManager.cpp
  Manager.cpp
  Music.cpp
  Object.cpp
C:\Users\Ben\source\repos\Dragonfly\Dragonfly\Object.cpp(31,22): warning C4305: 'argument': truncation from 'double' to 'float'
C:\Users\Ben\source\repos\Dragonfly\Dragonfly\Object.cpp(32,20): warning C4305: 'argument': truncation from 'double' to 'float'
  ObjectList.cpp
  ObjectListIterator.cpp
  PointsManager.cpp
  PointsSystem.cpp
  Prompt.cpp
  ResourceManager.cpp
  Sound.cpp
  Sprite.cpp
  TestBullet.cpp
  TestEventNuke.cpp
  TestExplosion.cpp
  TestGameOver.cpp
  TestHero.cpp
  TestObject.cpp
  TestPoints.cpp
  Generating Code...
  Compiling...
  TestReticle.cpp
  TestSaucer.cpp
  TestStar.cpp
  TestStart.cpp
  Timekeeper.cpp
  TitleManager.cpp
  utility.cpp
  Vector2D.cpp
  ViewObject.cpp
C:\Users\Ben\source\repos\Dragonfly\Dragonfly\ViewObject.cpp(39,16): warning C4244: 'initializing': conversion from 'float' to 'int', possible loss of data
  WorldManager.cpp
C:\Users\Ben\source\repos\Dragonfly\Dragonfly\WorldManager.cpp(62,8): warning C4244: 'initializing': conversion from 'float' to 'int', possible loss of data
C:\Users\Ben\source\repos\Dragonfly\Dragonfly\WorldManager.cpp(64,38): warning C4244: '=': conversion from 'float' to 'int', possible loss of data
C:\Users\Ben\source\repos\Dragonfly\Dragonfly\WorldManager.cpp(69,8): warning C4244: 'initializing': conversion from 'float' to 'int', possible loss of data
C:\Users\Ben\source\repos\Dragonfly\Dragonfly\WorldManager.cpp(71,36): warning C4244: '=': conversion from 'float' to 'int', possible loss of data
C:\Users\Ben\source\repos\Dragonfly\Dragonfly\WorldManager.cpp(76,25): warning C4244: 'argument': conversion from 'int' to 'float', possible loss of data
C:\Users\Ben\source\repos\Dragonfly\Dragonfly\WorldManager.cpp(76,22): warning C4244: 'argument': conversion from 'int' to 'float', possible loss of data
C:\Users\Ben\source\repos\Dragonfly\Dragonfly\WorldManager.cpp(83,18): warning C4553: '==': result of expression not used; did you intend '='?
  Generating Code...
  Dragonfly.vcxproj -> C:\Users\Ben\source\repos\Dragonfly\x64\Debug\Dragonfly.exe
